/Users/yasiru/Documents/GitHub/Arbit-Transformer-Analysis/api.py:483: DeprecationWarning: 
        on_event is deprecated, use lifespan event handlers instead.

        Read more about it in the
        [FastAPI docs for Lifespan Events](https://fastapi.tiangolo.com/advanced/events/).
        
  @app.on_event("startup")
2025-10-03 16:12:39,043 - __main__ - INFO - Starting Thermal Anomaly Detection API server...
INFO:     Started server process [73028]
INFO:     Waiting for application startup.
2025-10-03 16:12:39,052 - __main__ - INFO - Starting Thermal Anomaly Detection API...
2025-10-03 16:12:39,054 - __main__ - INFO - Configuration loaded from config.yaml
2025-10-03 16:12:39,054 - __main__ - INFO - Using device: cpu
2025-10-03 16:12:39,087 - __main__ - INFO - ✓ ML model loaded successfully
2025-10-03 16:12:39,087 - __main__ - INFO - ✓ Thermal detector initialized
2025-10-03 16:12:39,087 - __main__ - INFO - API ready!
INFO:     Application startup complete.
INFO:     Uvicorn running on http://0.0.0.0:8000 (Press CTRL+C to quit)
2025-10-03 16:12:48,504 - __main__ - INFO - Received baseline image: T1_normal_001.jpg (will be ignored)
2025-10-03 16:12:48,505 - __main__ - INFO - Analyzing maintenance image: T1_faulty_001.jpg
2025-10-03 16:12:48,505 - __main__ - INFO - Transformer ID: API_Test
2025-10-03 16:12:48,505 - __main__ - INFO - Return format: json
2025-10-03 16:12:48,510 - __main__ - INFO - Running ML analysis...
2025-10-03 16:12:48,552 - __main__ - INFO - ✓ ML analysis: 3 anomalies detected
2025-10-03 16:12:48,552 - __main__ - INFO - Running thermal analysis...
2025-10-03 16:12:51,815 - __main__ - INFO - ✓ Thermal analysis: 3 hotspots detected
INFO:     127.0.0.1:51573 - "POST /detect HTTP/1.1" 200 OK
2025-10-03 16:13:00,078 - __main__ - INFO - Received baseline image: T2_normal_001.png (will be ignored)
2025-10-03 16:13:00,079 - __main__ - INFO - Analyzing maintenance image: T2_faulty_001.png
2025-10-03 16:13:00,079 - __main__ - INFO - Transformer ID: T2_Test
2025-10-03 16:13:00,079 - __main__ - INFO - Return format: json
2025-10-03 16:13:00,082 - __main__ - INFO - Running ML analysis...
2025-10-03 16:13:00,096 - __main__ - INFO - ✓ ML analysis: 0 anomalies detected
2025-10-03 16:13:00,096 - __main__ - INFO - Running thermal analysis...
2025-10-03 16:13:00,279 - __main__ - INFO - ✓ Thermal analysis: 1 hotspots detected
INFO:     127.0.0.1:51582 - "POST /detect HTTP/1.1" 200 OK
2025-10-03 16:24:05,286 - __main__ - INFO - Received baseline image: baseline.jpg (will be ignored)
2025-10-03 16:24:05,287 - __main__ - INFO - Analyzing maintenance image: maintenance.jpg
2025-10-03 16:24:05,287 - __main__ - INFO - Transformer ID: 34
2025-10-03 16:24:05,287 - __main__ - INFO - Return format: json
2025-10-03 16:24:05,291 - __main__ - INFO - Running ML analysis...
2025-10-03 16:24:05,315 - __main__ - INFO - ✓ ML analysis: 0 anomalies detected
2025-10-03 16:24:05,315 - __main__ - INFO - Running thermal analysis...
2025-10-03 16:24:05,528 - __main__ - INFO - ✓ Thermal analysis: 1 hotspots detected
INFO:     127.0.0.1:51832 - "POST /detect HTTP/1.1" 200 OK
2025-10-03 16:24:05,539 - __main__ - INFO - Received baseline image: baseline.jpg (will be ignored)
2025-10-03 16:24:05,539 - __main__ - INFO - Analyzing maintenance image: maintenance.jpg
2025-10-03 16:24:05,539 - __main__ - INFO - Transformer ID: 34
2025-10-03 16:24:05,539 - __main__ - INFO - Return format: annotated
2025-10-03 16:24:05,541 - __main__ - INFO - Running ML analysis...
2025-10-03 16:24:05,553 - __main__ - INFO - ✓ ML analysis: 0 anomalies detected
2025-10-03 16:24:05,553 - __main__ - INFO - Running thermal analysis...
2025-10-03 16:24:05,722 - __main__ - INFO - ✓ Thermal analysis: 1 hotspots detected
INFO:     127.0.0.1:51832 - "POST /detect HTTP/1.1" 200 OK
